d:\desktop\programs\flappy-bird-clone-cmpt-1267-\x64\release\vc143.pdb
d:\desktop\programs\flappy-bird-clone-cmpt-1267-\x64\release\text.obj
d:\desktop\programs\flappy-bird-clone-cmpt-1267-\x64\release\soundeffect.obj
d:\desktop\programs\flappy-bird-clone-cmpt-1267-\x64\release\player.obj
d:\desktop\programs\flappy-bird-clone-cmpt-1267-\x64\release\main.obj
d:\desktop\programs\flappy-bird-clone-cmpt-1267-\x64\release\level.obj
d:\desktop\programs\flappy-bird-clone-cmpt-1267-\x64\release\img.obj
d:\desktop\programs\flappy-bird-clone-cmpt-1267-\x64\release\game.obj
d:\desktop\programs\flappy-bird-clone-cmpt-1267-\x64\release\background.obj
d:\desktop\programs\flappy-bird-clone-cmpt-1267-\x64\release\game.exe
d:\desktop\programs\flappy-bird-clone-cmpt-1267-\x64\release\game.pdb
d:\desktop\programs\flappy-bird-clone-cmpt-1267-\x64\release\game.ipdb
d:\desktop\programs\flappy-bird-clone-cmpt-1267-\x64\release\game.iobj
d:\desktop\programs\flappy-bird-clone-cmpt-1267-\x64\release\game.vcxproj.filelistabsolute.txt
d:\desktop\programs\flappy-bird-clone-cmpt-1267-\x64\release\game.tlog\cl.command.1.tlog
d:\desktop\programs\flappy-bird-clone-cmpt-1267-\x64\release\game.tlog\cl.items.tlog
d:\desktop\programs\flappy-bird-clone-cmpt-1267-\x64\release\game.tlog\cl.read.1.tlog
d:\desktop\programs\flappy-bird-clone-cmpt-1267-\x64\release\game.tlog\cl.write.1.tlog
d:\desktop\programs\flappy-bird-clone-cmpt-1267-\x64\release\game.tlog\link.command.1.tlog
d:\desktop\programs\flappy-bird-clone-cmpt-1267-\x64\release\game.tlog\link.read.1.tlog
d:\desktop\programs\flappy-bird-clone-cmpt-1267-\x64\release\game.tlog\link.secondary.1.tlog
d:\desktop\programs\flappy-bird-clone-cmpt-1267-\x64\release\game.tlog\link.write.1.tlog
