  Game.cpp
D:\Desktop\programs\Flappy-Bird-Clone-CMPT-1267-\src\SoundEffect.h(6,7): warning C4099: 'SoundEffect': type name first seen using 'struct' now seen using 'class'
  (compiling source file 'src/Game.cpp')
  D:\Desktop\programs\Flappy-Bird-Clone-CMPT-1267-\src\SoundEffect.h(6,7):
  see declaration of 'SoundEffect'
  
D:\Desktop\programs\Flappy-Bird-Clone-CMPT-1267-\src\Game.cpp(113,76): warning C4244: 'argument': conversion from 'double' to 'float', possible loss of data
D:\Desktop\programs\Flappy-Bird-Clone-CMPT-1267-\src\Game.cpp(113,59): warning C4244: 'argument': conversion from 'double' to 'float', possible loss of data
D:\Desktop\programs\Flappy-Bird-Clone-CMPT-1267-\src\Game.cpp(118,55): warning C4244: 'argument': conversion from 'double' to 'float', possible loss of data
D:\Desktop\programs\Flappy-Bird-Clone-CMPT-1267-\src\Game.cpp(118,38): warning C4244: 'argument': conversion from 'double' to 'float', possible loss of data
D:\Desktop\programs\Flappy-Bird-Clone-CMPT-1267-\src\Game.cpp(119,52): warning C4244: 'argument': conversion from 'double' to 'float', possible loss of data
D:\Desktop\programs\Flappy-Bird-Clone-CMPT-1267-\src\Game.cpp(119,35): warning C4244: 'argument': conversion from 'double' to 'float', possible loss of data
D:\Desktop\programs\Flappy-Bird-Clone-CMPT-1267-\src\Game.cpp(120,51): warning C4244: 'argument': conversion from 'double' to 'float', possible loss of data
D:\Desktop\programs\Flappy-Bird-Clone-CMPT-1267-\src\Game.cpp(120,34): warning C4244: 'argument': conversion from 'double' to 'float', possible loss of data
D:\Desktop\programs\Flappy-Bird-Clone-CMPT-1267-\src\Game.cpp(133,92): warning C4244: 'argument': conversion from 'double' to 'int', possible loss of data
D:\Desktop\programs\Flappy-Bird-Clone-CMPT-1267-\src\Game.cpp(133,65): warning C4244: 'argument': conversion from 'double' to 'int', possible loss of data
D:\Desktop\programs\Flappy-Bird-Clone-CMPT-1267-\src\Game.cpp(191,35): warning C4244: '=': conversion from 'Uint32' to 'float', possible loss of data
D:\Desktop\programs\Flappy-Bird-Clone-CMPT-1267-\src\Game.cpp(262,30): warning C4244: 'argument': conversion from 'double' to 'int', possible loss of data
D:\Desktop\programs\Flappy-Bird-Clone-CMPT-1267-\src\Game.cpp(263,33): warning C4244: 'argument': conversion from 'double' to 'const int', possible loss of data
  Game.vcxproj -> D:\Desktop\programs\Flappy-Bird-Clone-CMPT-1267-\x64\Debug\Game.exe
  File not found - *.dll
  0 File(s) copied
  D:\Desktop\programs\Flappy-Bird-Clone-CMPT-1267-\libs\GLEW\win\x86\glew32.dll
  1 File(s) copied
