d:\desktop\programs\flappy-bird-clone-cmpt-1267-\x64\debug\vc143.pdb
d:\desktop\programs\flappy-bird-clone-cmpt-1267-\x64\debug\vc143.idb
d:\desktop\programs\flappy-bird-clone-cmpt-1267-\x64\debug\text.obj
d:\desktop\programs\flappy-bird-clone-cmpt-1267-\x64\debug\soundeffect.obj
d:\desktop\programs\flappy-bird-clone-cmpt-1267-\x64\debug\player.obj
d:\desktop\programs\flappy-bird-clone-cmpt-1267-\x64\debug\main.obj
d:\desktop\programs\flappy-bird-clone-cmpt-1267-\x64\debug\level.obj
d:\desktop\programs\flappy-bird-clone-cmpt-1267-\x64\debug\img.obj
d:\desktop\programs\flappy-bird-clone-cmpt-1267-\x64\debug\game.obj
d:\desktop\programs\flappy-bird-clone-cmpt-1267-\x64\debug\background.obj
d:\desktop\programs\flappy-bird-clone-cmpt-1267-\x64\debug\game.exe
d:\desktop\programs\flappy-bird-clone-cmpt-1267-\x64\debug\game.pdb
d:\desktop\programs\flappy-bird-clone-cmpt-1267-\x64\debug\game.ilk
d:\desktop\programs\flappy-bird-clone-cmpt-1267-\x64\debug\game.vcxproj.filelistabsolute.txt
d:\desktop\programs\flappy-bird-clone-cmpt-1267-\x64\debug\game.tlog\cl.command.1.tlog
d:\desktop\programs\flappy-bird-clone-cmpt-1267-\x64\debug\game.tlog\cl.items.tlog
d:\desktop\programs\flappy-bird-clone-cmpt-1267-\x64\debug\game.tlog\cl.read.1.tlog
d:\desktop\programs\flappy-bird-clone-cmpt-1267-\x64\debug\game.tlog\cl.write.1.tlog
d:\desktop\programs\flappy-bird-clone-cmpt-1267-\x64\debug\game.tlog\link.command.1.tlog
d:\desktop\programs\flappy-bird-clone-cmpt-1267-\x64\debug\game.tlog\link.read.1.tlog
d:\desktop\programs\flappy-bird-clone-cmpt-1267-\x64\debug\game.tlog\link.secondary.1.tlog
d:\desktop\programs\flappy-bird-clone-cmpt-1267-\x64\debug\game.tlog\link.write.1.tlog
