  Game.cpp
D:\Desktop\programs\Flappy-Bird-Clone-CMPT-1267-\src\Text.h(30,14): warning C4244: '=': conversion from 'float' to 'int', possible loss of data
  (compiling source file 'src/Game.cpp')
  
D:\Desktop\programs\Flappy-Bird-Clone-CMPT-1267-\src\Text.h(31,14): warning C4244: '=': conversion from 'float' to 'int', possible loss of data
  (compiling source file 'src/Game.cpp')
  
D:\Desktop\programs\Flappy-Bird-Clone-CMPT-1267-\src\Text.h(32,14): warning C4244: '=': conversion from 'float' to 'int', possible loss of data
  (compiling source file 'src/Game.cpp')
  
D:\Desktop\programs\Flappy-Bird-Clone-CMPT-1267-\src\Text.h(33,14): warning C4244: '=': conversion from 'float' to 'int', possible loss of data
  (compiling source file 'src/Game.cpp')
  
D:\Desktop\programs\Flappy-Bird-Clone-CMPT-1267-\src\Game.cpp(114,64): warning C4244: 'argument': conversion from 'double' to 'float', possible loss of data
D:\Desktop\programs\Flappy-Bird-Clone-CMPT-1267-\src\Game.cpp(114,52): warning C4244: 'argument': conversion from 'double' to 'float', possible loss of data
D:\Desktop\programs\Flappy-Bird-Clone-CMPT-1267-\src\Game.cpp(115,84): warning C4244: 'argument': conversion from 'double' to 'float', possible loss of data
D:\Desktop\programs\Flappy-Bird-Clone-CMPT-1267-\src\Game.cpp(115,72): warning C4244: 'argument': conversion from 'double' to 'float', possible loss of data
D:\Desktop\programs\Flappy-Bird-Clone-CMPT-1267-\src\Game.cpp(115,52): warning C4244: 'argument': conversion from 'double' to 'float', possible loss of data
D:\Desktop\programs\Flappy-Bird-Clone-CMPT-1267-\src\Game.cpp(116,111): warning C4244: 'argument': conversion from 'double' to 'float', possible loss of data
D:\Desktop\programs\Flappy-Bird-Clone-CMPT-1267-\src\Game.cpp(116,95): warning C4244: 'argument': conversion from 'double' to 'float', possible loss of data
D:\Desktop\programs\Flappy-Bird-Clone-CMPT-1267-\src\Game.cpp(116,79): warning C4244: 'argument': conversion from 'double' to 'float', possible loss of data
D:\Desktop\programs\Flappy-Bird-Clone-CMPT-1267-\src\Game.cpp(116,62): warning C4244: 'argument': conversion from 'double' to 'float', possible loss of data
D:\Desktop\programs\Flappy-Bird-Clone-CMPT-1267-\src\Game.cpp(117,117): warning C4244: 'argument': conversion from 'double' to 'float', possible loss of data
D:\Desktop\programs\Flappy-Bird-Clone-CMPT-1267-\src\Game.cpp(117,101): warning C4244: 'argument': conversion from 'double' to 'float', possible loss of data
D:\Desktop\programs\Flappy-Bird-Clone-CMPT-1267-\src\Game.cpp(117,85): warning C4244: 'argument': conversion from 'double' to 'float', possible loss of data
D:\Desktop\programs\Flappy-Bird-Clone-CMPT-1267-\src\Game.cpp(117,68): warning C4244: 'argument': conversion from 'double' to 'float', possible loss of data
D:\Desktop\programs\Flappy-Bird-Clone-CMPT-1267-\src\Game.cpp(118,113): warning C4244: 'argument': conversion from 'double' to 'float', possible loss of data
D:\Desktop\programs\Flappy-Bird-Clone-CMPT-1267-\src\Game.cpp(118,97): warning C4244: 'argument': conversion from 'double' to 'float', possible loss of data
D:\Desktop\programs\Flappy-Bird-Clone-CMPT-1267-\src\Game.cpp(118,81): warning C4244: 'argument': conversion from 'double' to 'float', possible loss of data
D:\Desktop\programs\Flappy-Bird-Clone-CMPT-1267-\src\Game.cpp(118,65): warning C4244: 'argument': conversion from 'double' to 'float', possible loss of data
D:\Desktop\programs\Flappy-Bird-Clone-CMPT-1267-\src\Game.cpp(130,80): warning C4244: 'argument': conversion from 'double' to 'int', possible loss of data
D:\Desktop\programs\Flappy-Bird-Clone-CMPT-1267-\src\Game.cpp(188,35): warning C4244: '=': conversion from 'Uint32' to 'float', possible loss of data
D:\Desktop\programs\Flappy-Bird-Clone-CMPT-1267-\src\Game.cpp(267,29): warning C4244: 'argument': conversion from 'double' to 'int', possible loss of data
  main.cpp
  Player.cpp
D:\Desktop\programs\Flappy-Bird-Clone-CMPT-1267-\src\Player.cpp(5,23): warning C4305: 'initializing': truncation from 'double' to 'float'
D:\Desktop\programs\Flappy-Bird-Clone-CMPT-1267-\src\Player.cpp(19,15): warning C4305: '=': truncation from 'double' to 'float'
D:\Desktop\programs\Flappy-Bird-Clone-CMPT-1267-\src\Player.cpp(150,9): warning C4244: 'return': conversion from 'float' to 'int', possible loss of data
D:\Desktop\programs\Flappy-Bird-Clone-CMPT-1267-\src\Player.cpp(155,9): warning C4244: 'return': conversion from 'float' to 'int', possible loss of data
  Generating Code...
  Game.vcxproj -> D:\Desktop\programs\Flappy-Bird-Clone-CMPT-1267-\Build\Debug\Game.exe
  D:\Desktop\programs\Flappy-Bird-Clone-CMPT-1267-\libs\SDL\win\x86\libfreetype-6.dll
  D:\Desktop\programs\Flappy-Bird-Clone-CMPT-1267-\libs\SDL\win\x86\libogg-0.dll
  D:\Desktop\programs\Flappy-Bird-Clone-CMPT-1267-\libs\SDL\win\x86\libpng16-16.dll
  D:\Desktop\programs\Flappy-Bird-Clone-CMPT-1267-\libs\SDL\win\x86\libvorbis-0.dll
  D:\Desktop\programs\Flappy-Bird-Clone-CMPT-1267-\libs\SDL\win\x86\libvorbisfile-3.dll
  D:\Desktop\programs\Flappy-Bird-Clone-CMPT-1267-\libs\SDL\win\x86\SDL2.dll
  D:\Desktop\programs\Flappy-Bird-Clone-CMPT-1267-\libs\SDL\win\x86\SDL2_image.dll
  D:\Desktop\programs\Flappy-Bird-Clone-CMPT-1267-\libs\SDL\win\x86\SDL2_mixer.dll
  D:\Desktop\programs\Flappy-Bird-Clone-CMPT-1267-\libs\SDL\win\x86\SDL2_ttf.dll
  D:\Desktop\programs\Flappy-Bird-Clone-CMPT-1267-\libs\SDL\win\x86\zlib1.dll
  10 File(s) copied
  D:\Desktop\programs\Flappy-Bird-Clone-CMPT-1267-\libs\GLEW\win\x86\glew32.dll
  1 File(s) copied
